C:\USERS\Y.DOPA\DOCUMENTS\VISUAL STUDIO 2012\GL2DIMAGETO3D-MASTER\DEBUG\GLMAIN.OBJ
C:\USERS\Y.DOPA\DOCUMENTS\VISUAL STUDIO 2012\GL2DIMAGETO3D-MASTER\DEBUG\OPENFILEDIALOG.OBJ
C:\USERS\Y.DOPA\DOCUMENTS\VISUAL STUDIO 2012\GL2DIMAGETO3D-MASTER\DEBUG\SHADERS.OBJ
C:\USERS\Y.DOPA\DOCUMENTS\VISUAL STUDIO 2012\GL2DIMAGETO3D-MASTER\DEBUG\TEXTURE.OBJ
C:\USERS\Y.DOPA\DOCUMENTS\VISUAL STUDIO 2012\GL2DIMAGETO3D-MASTER\DEBUG\VC110.PDB
C:\USERS\Y.DOPA\DOCUMENTS\VISUAL STUDIO 2012\GL2DIMAGETO3D-MASTER\DEBUG\MYOPENGLPROJECT.ILK
C:\USERS\Y.DOPA\DOCUMENTS\VISUAL STUDIO 2012\GL2DIMAGETO3D-MASTER\DEBUG\MYOPENGLPROJECT.EXE
C:\WINDOWS\PCDRM\DUMP\20141217_NSCCOR03.LOG
C:\WINDOWS\PCDRM\DUMP\20141217_NFD01.LOG
C:\WINDOWS\PCDRM\DUMP\20141217_NSCFA.LOG
C:\WINDOWS\PCDRM\DUMP\20141217_NSCCOR01.LOG
C:\USERS\Y.DOPA\DOCUMENTS\VISUAL STUDIO 2012\GL2DIMAGETO3D-MASTER\DEBUG\MYOPENGLPROJECT.PDB
C:\Users\y.dopa\Documents\Visual Studio 2012\Projects\GLProject\Debug\GLmain.obj
C:\Users\y.dopa\Documents\Visual Studio 2012\Projects\GLProject\Debug\OpenFileDialog.obj
C:\Users\y.dopa\Documents\Visual Studio 2012\Projects\GLProject\Debug\shaders.obj
C:\Users\y.dopa\Documents\Visual Studio 2012\Projects\GLProject\Debug\texture.obj
C:\Users\y.dopa\Documents\Visual Studio 2012\Projects\GLProject\Debug\MyOpenGLProject.ilk
C:\Users\y.dopa\Documents\Visual Studio 2012\Projects\GLProject\Debug\cl.command.1.tlog
C:\Users\y.dopa\Documents\Visual Studio 2012\Projects\GLProject\Debug\CL.read.1.tlog
C:\Users\y.dopa\Documents\Visual Studio 2012\Projects\GLProject\Debug\CL.read.2.tlog
C:\Users\y.dopa\Documents\Visual Studio 2012\Projects\GLProject\Debug\CL.write.1.tlog
C:\Users\y.dopa\Documents\Visual Studio 2012\Projects\GLProject\Debug\link-cvtres.read.1.tlog
C:\Users\y.dopa\Documents\Visual Studio 2012\Projects\GLProject\Debug\link-cvtres.write.1.tlog
C:\Users\y.dopa\Documents\Visual Studio 2012\Projects\GLProject\Debug\link-rc.read.1.tlog
C:\Users\y.dopa\Documents\Visual Studio 2012\Projects\GLProject\Debug\link-rc.write.1.tlog
C:\Users\y.dopa\Documents\Visual Studio 2012\Projects\GLProject\Debug\link.command.1.tlog
C:\Users\y.dopa\Documents\Visual Studio 2012\Projects\GLProject\Debug\link.read.1.tlog
C:\Users\y.dopa\Documents\Visual Studio 2012\Projects\GLProject\Debug\link.read.2.tlog
C:\Users\y.dopa\Documents\Visual Studio 2012\Projects\GLProject\Debug\link.write.1.tlog
C:\Users\y.dopa\Documents\Visual Studio 2012\Projects\GLProject\Debug\vc110.idb
C:\Users\y.dopa\Documents\Visual Studio 2012\Projects\GLProject\Debug\MyOpenGLProject.pdb
C:\Users\y.dopa\Documents\Visual Studio 2012\Projects\GLProject\Debug\vc110.pdb
C:\Users\y.dopa\Documents\Visual Studio 2012\Projects\GLProject\Debug\MyOpenGLProject.exe
